<program>
   1: # Dette programmet er lovlig, og skal tolkes slik i henhold til grammatikken:
   2: #
   3: #   (-a) - (-b) - (-1)
   4: 
   5: a = 1
  <stmt>
    <assignment>
      <name>
      </name>
      <expr>
        <and test>
          <not test>
            <comparison>
              <term>
                <factor>
                  <primary>
                    <atom>
                      <integer literal>
                      </integer literal>
                    </atom>
                  </primary>
                </factor>
              </term>
            </comparison>
          </not test>
        </and test>
      </expr>
   6: b = 2
    </assignment>
  </stmt>
  <stmt>
    <assignment>
      <name>
      </name>
      <expr>
        <and test>
          <not test>
            <comparison>
              <term>
                <factor>
                  <primary>
                    <atom>
                      <integer literal>
                      </integer literal>
                    </atom>
                  </primary>
                </factor>
              </term>
            </comparison>
          </not test>
        </and test>
      </expr>
   7: v = -a--b--1
    </assignment>
  </stmt>
  <stmt>
    <assignment>
      <name>
      </name>
      <expr>
        <and test>
          <not test>
            <comparison>
              <term>
                <factor>
                  <factor prefix>
                  </factor prefix>
                  <primary>
                    <atom>
                      <name>
                      </name>
                    </atom>
                  </primary>
                </factor>
                <term opr>
                </term opr>
                <factor>
                  <factor prefix>
                  </factor prefix>
                  <primary>
                    <atom>
                      <name>
                      </name>
                    </atom>
                  </primary>
                </factor>
                <term opr>
                </term opr>
                <factor>
                  <factor prefix>
                  </factor prefix>
                  <primary>
                    <atom>
                      <integer literal>
                      </integer literal>
                    </atom>
                  </primary>
                </factor>
              </term>
            </comparison>
          </not test>
        </and test>
      </expr>
   8: print(v)
    </assignment>
  </stmt>
  <stmt>
    <expr stmt>
      <expr>
        <and test>
          <not test>
            <comparison>
              <term>
                <factor>
                  <primary>
                    <atom>
                      <name>
                      </name>
                    </atom>
                    <primary suffix>
                      <arguments>
                        <expr>
                          <and test>
                            <not test>
                              <comparison>
                                <term>
                                  <factor>
                                    <primary>
                                      <atom>
                                        <name>
                                        </name>
                                      </atom>
                                    </primary>
                                  </factor>
                                </term>
                              </comparison>
                            </not test>
                          </and test>
                        </expr>
                      </arguments>
                    </primary suffix>
                  </primary>
                </factor>
              </term>
            </comparison>
          </not test>
        </and test>
      </expr>
    </expr stmt>
  </stmt>
   9: w = (-a)*(-b)-(-1)
  <stmt>
    <assignment>
      <name>
      </name>
      <expr>
        <and test>
          <not test>
            <comparison>
              <term>
                <factor>
                  <primary>
                    <atom>
                      <inner expr>
                        <expr>
                          <and test>
                            <not test>
                              <comparison>
                                <term>
                                  <factor>
                                    <factor prefix>
                                    </factor prefix>
                                    <primary>
                                      <atom>
                                        <name>
                                        </name>
                                      </atom>
                                    </primary>
                                  </factor>
                                </term>
                              </comparison>
                            </not test>
                          </and test>
                        </expr>
                      </inner expr>
                    </atom>
                  </primary>
                  <factor opr>
                  </factor opr>
                  <primary>
                    <atom>
                      <inner expr>
                        <expr>
                          <and test>
                            <not test>
                              <comparison>
                                <term>
                                  <factor>
                                    <factor prefix>
                                    </factor prefix>
                                    <primary>
                                      <atom>
                                        <name>
                                        </name>
                                      </atom>
                                    </primary>
                                  </factor>
                                </term>
                              </comparison>
                            </not test>
                          </and test>
                        </expr>
                      </inner expr>
                    </atom>
                  </primary>
                </factor>
                <term opr>
                </term opr>
                <factor>
                  <primary>
                    <atom>
                      <inner expr>
                        <expr>
                          <and test>
                            <not test>
                              <comparison>
                                <term>
                                  <factor>
                                    <factor prefix>
                                    </factor prefix>
                                    <primary>
                                      <atom>
                                        <integer literal>
                                        </integer literal>
                                      </atom>
                                    </primary>
                                  </factor>
                                </term>
                              </comparison>
                            </not test>
                          </and test>
                        </expr>
                      </inner expr>
                    </atom>
                  </primary>
                </factor>
              </term>
            </comparison>
          </not test>
        </and test>
      </expr>
  10: print(w)
    </assignment>
  </stmt>
  <stmt>
    <expr stmt>
      <expr>
        <and test>
          <not test>
            <comparison>
              <term>
                <factor>
                  <primary>
                    <atom>
                      <name>
                      </name>
                    </atom>
                    <primary suffix>
                      <arguments>
                        <expr>
                          <and test>
                            <not test>
                              <comparison>
                                <term>
                                  <factor>
                                    <primary>
                                      <atom>
                                        <name>
                                        </name>
                                      </atom>
                                    </primary>
                                  </factor>
                                </term>
                              </comparison>
                            </not test>
                          </and test>
                        </expr>
                      </arguments>
                    </primary suffix>
                  </primary>
                </factor>
              </term>
            </comparison>
          </not test>
        </and test>
      </expr>
    </expr stmt>
  </stmt>
</program>

a = 1
b = 2
v = -a--b--1
print(v)
w = (-a)*(-b)-(-1)
print(w)
EOF
