Trace line 5: n = 100
Trace line 6: primes = [True, True, True, True, True, True, True, True, True, True, True, True, True, True, True, True, True, True, True, True, True, True, True, True, True, True, True, True, True, True, True, True, True, True, True, True, True, True, True, True, True, True, True, True, True, True, True, True, True, True, True, True, True, True, True, True, True, True, True, True, True, True, True, True, True, True, True, True, True, True, True, True, True, True, True, True, True, True, True, True, True, True, True, True, True, True, True, True, True, True, True, True, True, True, True, True, True, True, True, True, True]
Trace line 8: def find_primes
Trace line 15: def w4
Trace line 25: def list_primes
Trace line 37: Call function find_primes with params null
Trace line 9: Call function range with params [2, 101]
Trace line 9: for #1: i1 = 2
Trace line 10: i2 = 4
Trace line 11: while True: ...
Trace line 12: primes[4] = False
Trace line 13: i2 = 6
Trace line 11: while True: ...
Trace line 12: primes[6] = False
Trace line 13: i2 = 8
Trace line 11: while True: ...
Trace line 12: primes[8] = False
Trace line 13: i2 = 10
Trace line 11: while True: ...
Trace line 12: primes[10] = False
Trace line 13: i2 = 12
Trace line 11: while True: ...
Trace line 12: primes[12] = False
Trace line 13: i2 = 14
Trace line 11: while True: ...
Trace line 12: primes[14] = False
Trace line 13: i2 = 16
Trace line 11: while True: ...
Trace line 12: primes[16] = False
Trace line 13: i2 = 18
Trace line 11: while True: ...
Trace line 12: primes[18] = False
Trace line 13: i2 = 20
Trace line 11: while True: ...
Trace line 12: primes[20] = False
Trace line 13: i2 = 22
Trace line 11: while True: ...
Trace line 12: primes[22] = False
Trace line 13: i2 = 24
Trace line 11: while True: ...
Trace line 12: primes[24] = False
Trace line 13: i2 = 26
Trace line 11: while True: ...
Trace line 12: primes[26] = False
Trace line 13: i2 = 28
Trace line 11: while True: ...
Trace line 12: primes[28] = False
Trace line 13: i2 = 30
Trace line 11: while True: ...
Trace line 12: primes[30] = False
Trace line 13: i2 = 32
Trace line 11: while True: ...
Trace line 12: primes[32] = False
Trace line 13: i2 = 34
Trace line 11: while True: ...
Trace line 12: primes[34] = False
Trace line 13: i2 = 36
Trace line 11: while True: ...
Trace line 12: primes[36] = False
Trace line 13: i2 = 38
Trace line 11: while True: ...
Trace line 12: primes[38] = False
Trace line 13: i2 = 40
Trace line 11: while True: ...
Trace line 12: primes[40] = False
Trace line 13: i2 = 42
Trace line 11: while True: ...
Trace line 12: primes[42] = False
Trace line 13: i2 = 44
Trace line 11: while True: ...
Trace line 12: primes[44] = False
Trace line 13: i2 = 46
Trace line 11: while True: ...
Trace line 12: primes[46] = False
Trace line 13: i2 = 48
Trace line 11: while True: ...
Trace line 12: primes[48] = False
Trace line 13: i2 = 50
Trace line 11: while True: ...
Trace line 12: primes[50] = False
Trace line 13: i2 = 52
Trace line 11: while True: ...
Trace line 12: primes[52] = False
Trace line 13: i2 = 54
Trace line 11: while True: ...
Trace line 12: primes[54] = False
Trace line 13: i2 = 56
Trace line 11: while True: ...
Trace line 12: primes[56] = False
Trace line 13: i2 = 58
Trace line 11: while True: ...
Trace line 12: primes[58] = False
Trace line 13: i2 = 60
Trace line 11: while True: ...
Trace line 12: primes[60] = False
Trace line 13: i2 = 62
Trace line 11: while True: ...
Trace line 12: primes[62] = False
Trace line 13: i2 = 64
Trace line 11: while True: ...
Trace line 12: primes[64] = False
Trace line 13: i2 = 66
Trace line 11: while True: ...
Trace line 12: primes[66] = False
Trace line 13: i2 = 68
Trace line 11: while True: ...
Trace line 12: primes[68] = False
Trace line 13: i2 = 70
Trace line 11: while True: ...
Trace line 12: primes[70] = False
Trace line 13: i2 = 72
Trace line 11: while True: ...
Trace line 12: primes[72] = False
Trace line 13: i2 = 74
Trace line 11: while True: ...
Trace line 12: primes[74] = False
Trace line 13: i2 = 76
Trace line 11: while True: ...
Trace line 12: primes[76] = False
Trace line 13: i2 = 78
Trace line 11: while True: ...
Trace line 12: primes[78] = False
Trace line 13: i2 = 80
Trace line 11: while True: ...
Trace line 12: primes[80] = False
Trace line 13: i2 = 82
Trace line 11: while True: ...
Trace line 12: primes[82] = False
Trace line 13: i2 = 84
Trace line 11: while True: ...
Trace line 12: primes[84] = False
Trace line 13: i2 = 86
Trace line 11: while True: ...
Trace line 12: primes[86] = False
Trace line 13: i2 = 88
Trace line 11: while True: ...
Trace line 12: primes[88] = False
Trace line 13: i2 = 90
Trace line 11: while True: ...
Trace line 12: primes[90] = False
Trace line 13: i2 = 92
Trace line 11: while True: ...
Trace line 12: primes[92] = False
Trace line 13: i2 = 94
Trace line 11: while True: ...
Trace line 12: primes[94] = False
Trace line 13: i2 = 96
Trace line 11: while True: ...
Trace line 12: primes[96] = False
Trace line 13: i2 = 98
Trace line 11: while True: ...
Trace line 12: primes[98] = False
Trace line 13: i2 = 100
Trace line 11: while True: ...
Trace line 12: primes[100] = False
Trace line 13: i2 = 102
Trace line 11: while False:
Trace line 9: for #2: i1 = 3
Trace line 10: i2 = 6
Trace line 11: while True: ...
Trace line 12: primes[6] = False
Trace line 13: i2 = 9
Trace line 11: while True: ...
Trace line 12: primes[9] = False
Trace line 13: i2 = 12
Trace line 11: while True: ...
Trace line 12: primes[12] = False
Trace line 13: i2 = 15
Trace line 11: while True: ...
Trace line 12: primes[15] = False
Trace line 13: i2 = 18
Trace line 11: while True: ...
Trace line 12: primes[18] = False
Trace line 13: i2 = 21
Trace line 11: while True: ...
Trace line 12: primes[21] = False
Trace line 13: i2 = 24
Trace line 11: while True: ...
Trace line 12: primes[24] = False
Trace line 13: i2 = 27
Trace line 11: while True: ...
Trace line 12: primes[27] = False
Trace line 13: i2 = 30
Trace line 11: while True: ...
Trace line 12: primes[30] = False
Trace line 13: i2 = 33
Trace line 11: while True: ...
Trace line 12: primes[33] = False
Trace line 13: i2 = 36
Trace line 11: while True: ...
Trace line 12: primes[36] = False
Trace line 13: i2 = 39
Trace line 11: while True: ...
Trace line 12: primes[39] = False
Trace line 13: i2 = 42
Trace line 11: while True: ...
Trace line 12: primes[42] = False
Trace line 13: i2 = 45
Trace line 11: while True: ...
Trace line 12: primes[45] = False
Trace line 13: i2 = 48
Trace line 11: while True: ...
Trace line 12: primes[48] = False
Trace line 13: i2 = 51
Trace line 11: while True: ...
Trace line 12: primes[51] = False
Trace line 13: i2 = 54
Trace line 11: while True: ...
Trace line 12: primes[54] = False
Trace line 13: i2 = 57
Trace line 11: while True: ...
Trace line 12: primes[57] = False
Trace line 13: i2 = 60
Trace line 11: while True: ...
Trace line 12: primes[60] = False
Trace line 13: i2 = 63
Trace line 11: while True: ...
Trace line 12: primes[63] = False
Trace line 13: i2 = 66
Trace line 11: while True: ...
Trace line 12: primes[66] = False
Trace line 13: i2 = 69
Trace line 11: while True: ...
Trace line 12: primes[69] = False
Trace line 13: i2 = 72
Trace line 11: while True: ...
Trace line 12: primes[72] = False
Trace line 13: i2 = 75
Trace line 11: while True: ...
Trace line 12: primes[75] = False
Trace line 13: i2 = 78
Trace line 11: while True: ...
Trace line 12: primes[78] = False
Trace line 13: i2 = 81
Trace line 11: while True: ...
Trace line 12: primes[81] = False
Trace line 13: i2 = 84
Trace line 11: while True: ...
Trace line 12: primes[84] = False
Trace line 13: i2 = 87
Trace line 11: while True: ...
Trace line 12: primes[87] = False
Trace line 13: i2 = 90
Trace line 11: while True: ...
Trace line 12: primes[90] = False
Trace line 13: i2 = 93
Trace line 11: while True: ...
Trace line 12: primes[93] = False
Trace line 13: i2 = 96
Trace line 11: while True: ...
Trace line 12: primes[96] = False
Trace line 13: i2 = 99
Trace line 11: while True: ...
Trace line 12: primes[99] = False
Trace line 13: i2 = 102
Trace line 11: while False:
Trace line 9: for #3: i1 = 4
Trace line 10: i2 = 8
Trace line 11: while True: ...
Trace line 12: primes[8] = False
Trace line 13: i2 = 12
Trace line 11: while True: ...
Trace line 12: primes[12] = False
Trace line 13: i2 = 16
Trace line 11: while True: ...
Trace line 12: primes[16] = False
Trace line 13: i2 = 20
Trace line 11: while True: ...
Trace line 12: primes[20] = False
Trace line 13: i2 = 24
Trace line 11: while True: ...
Trace line 12: primes[24] = False
Trace line 13: i2 = 28
Trace line 11: while True: ...
Trace line 12: primes[28] = False
Trace line 13: i2 = 32
Trace line 11: while True: ...
Trace line 12: primes[32] = False
Trace line 13: i2 = 36
Trace line 11: while True: ...
Trace line 12: primes[36] = False
Trace line 13: i2 = 40
Trace line 11: while True: ...
Trace line 12: primes[40] = False
Trace line 13: i2 = 44
Trace line 11: while True: ...
Trace line 12: primes[44] = False
Trace line 13: i2 = 48
Trace line 11: while True: ...
Trace line 12: primes[48] = False
Trace line 13: i2 = 52
Trace line 11: while True: ...
Trace line 12: primes[52] = False
Trace line 13: i2 = 56
Trace line 11: while True: ...
Trace line 12: primes[56] = False
Trace line 13: i2 = 60
Trace line 11: while True: ...
Trace line 12: primes[60] = False
Trace line 13: i2 = 64
Trace line 11: while True: ...
Trace line 12: primes[64] = False
Trace line 13: i2 = 68
Trace line 11: while True: ...
Trace line 12: primes[68] = False
Trace line 13: i2 = 72
Trace line 11: while True: ...
Trace line 12: primes[72] = False
Trace line 13: i2 = 76
Trace line 11: while True: ...
Trace line 12: primes[76] = False
Trace line 13: i2 = 80
Trace line 11: while True: ...
Trace line 12: primes[80] = False
Trace line 13: i2 = 84
Trace line 11: while True: ...
Trace line 12: primes[84] = False
Trace line 13: i2 = 88
Trace line 11: while True: ...
Trace line 12: primes[88] = False
Trace line 13: i2 = 92
Trace line 11: while True: ...
Trace line 12: primes[92] = False
Trace line 13: i2 = 96
Trace line 11: while True: ...
Trace line 12: primes[96] = False
Trace line 13: i2 = 100
Trace line 11: while True: ...
Trace line 12: primes[100] = False
Trace line 13: i2 = 104
Trace line 11: while False:
Trace line 9: for #4: i1 = 5
Trace line 10: i2 = 10
Trace line 11: while True: ...
Trace line 12: primes[10] = False
Trace line 13: i2 = 15
Trace line 11: while True: ...
Trace line 12: primes[15] = False
Trace line 13: i2 = 20
Trace line 11: while True: ...
Trace line 12: primes[20] = False
Trace line 13: i2 = 25
Trace line 11: while True: ...
Trace line 12: primes[25] = False
Trace line 13: i2 = 30
Trace line 11: while True: ...
Trace line 12: primes[30] = False
Trace line 13: i2 = 35
Trace line 11: while True: ...
Trace line 12: primes[35] = False
Trace line 13: i2 = 40
Trace line 11: while True: ...
Trace line 12: primes[40] = False
Trace line 13: i2 = 45
Trace line 11: while True: ...
Trace line 12: primes[45] = False
Trace line 13: i2 = 50
Trace line 11: while True: ...
Trace line 12: primes[50] = False
Trace line 13: i2 = 55
Trace line 11: while True: ...
Trace line 12: primes[55] = False
Trace line 13: i2 = 60
Trace line 11: while True: ...
Trace line 12: primes[60] = False
Trace line 13: i2 = 65
Trace line 11: while True: ...
Trace line 12: primes[65] = False
Trace line 13: i2 = 70
Trace line 11: while True: ...
Trace line 12: primes[70] = False
Trace line 13: i2 = 75
Trace line 11: while True: ...
Trace line 12: primes[75] = False
Trace line 13: i2 = 80
Trace line 11: while True: ...
Trace line 12: primes[80] = False
Trace line 13: i2 = 85
Trace line 11: while True: ...
Trace line 12: primes[85] = False
Trace line 13: i2 = 90
Trace line 11: while True: ...
Trace line 12: primes[90] = False
Trace line 13: i2 = 95
Trace line 11: while True: ...
Trace line 12: primes[95] = False
Trace line 13: i2 = 100
Trace line 11: while True: ...
Trace line 12: primes[100] = False
Trace line 13: i2 = 105
Trace line 11: while False:
Trace line 9: for #5: i1 = 6
Trace line 10: i2 = 12
Trace line 11: while True: ...
Trace line 12: primes[12] = False
Trace line 13: i2 = 18
Trace line 11: while True: ...
Trace line 12: primes[18] = False
Trace line 13: i2 = 24
Trace line 11: while True: ...
Trace line 12: primes[24] = False
Trace line 13: i2 = 30
Trace line 11: while True: ...
Trace line 12: primes[30] = False
Trace line 13: i2 = 36
Trace line 11: while True: ...
Trace line 12: primes[36] = False
Trace line 13: i2 = 42
Trace line 11: while True: ...
Trace line 12: primes[42] = False
Trace line 13: i2 = 48
Trace line 11: while True: ...
Trace line 12: primes[48] = False
Trace line 13: i2 = 54
Trace line 11: while True: ...
Trace line 12: primes[54] = False
Trace line 13: i2 = 60
Trace line 11: while True: ...
Trace line 12: primes[60] = False
Trace line 13: i2 = 66
Trace line 11: while True: ...
Trace line 12: primes[66] = False
Trace line 13: i2 = 72
Trace line 11: while True: ...
Trace line 12: primes[72] = False
Trace line 13: i2 = 78
Trace line 11: while True: ...
Trace line 12: primes[78] = False
Trace line 13: i2 = 84
Trace line 11: while True: ...
Trace line 12: primes[84] = False
Trace line 13: i2 = 90
Trace line 11: while True: ...
Trace line 12: primes[90] = False
Trace line 13: i2 = 96
Trace line 11: while True: ...
Trace line 12: primes[96] = False
Trace line 13: i2 = 102
Trace line 11: while False:
Trace line 9: for #6: i1 = 7
Trace line 10: i2 = 14
Trace line 11: while True: ...
Trace line 12: primes[14] = False
Trace line 13: i2 = 21
Trace line 11: while True: ...
Trace line 12: primes[21] = False
Trace line 13: i2 = 28
Trace line 11: while True: ...
Trace line 12: primes[28] = False
Trace line 13: i2 = 35
Trace line 11: while True: ...
Trace line 12: primes[35] = False
Trace line 13: i2 = 42
Trace line 11: while True: ...
Trace line 12: primes[42] = False
Trace line 13: i2 = 49
Trace line 11: while True: ...
Trace line 12: primes[49] = False
Trace line 13: i2 = 56
Trace line 11: while True: ...
Trace line 12: primes[56] = False
Trace line 13: i2 = 63
Trace line 11: while True: ...
Trace line 12: primes[63] = False
Trace line 13: i2 = 70
Trace line 11: while True: ...
Trace line 12: primes[70] = False
Trace line 13: i2 = 77
Trace line 11: while True: ...
Trace line 12: primes[77] = False
Trace line 13: i2 = 84
Trace line 11: while True: ...
Trace line 12: primes[84] = False
Trace line 13: i2 = 91
Trace line 11: while True: ...
Trace line 12: primes[91] = False
Trace line 13: i2 = 98
Trace line 11: while True: ...
Trace line 12: primes[98] = False
Trace line 13: i2 = 105
Trace line 11: while False:
Trace line 9: for #7: i1 = 8
Trace line 10: i2 = 16
Trace line 11: while True: ...
Trace line 12: primes[16] = False
Trace line 13: i2 = 24
Trace line 11: while True: ...
Trace line 12: primes[24] = False
Trace line 13: i2 = 32
Trace line 11: while True: ...
Trace line 12: primes[32] = False
Trace line 13: i2 = 40
Trace line 11: while True: ...
Trace line 12: primes[40] = False
Trace line 13: i2 = 48
Trace line 11: while True: ...
Trace line 12: primes[48] = False
Trace line 13: i2 = 56
Trace line 11: while True: ...
Trace line 12: primes[56] = False
Trace line 13: i2 = 64
Trace line 11: while True: ...
Trace line 12: primes[64] = False
Trace line 13: i2 = 72
Trace line 11: while True: ...
Trace line 12: primes[72] = False
Trace line 13: i2 = 80
Trace line 11: while True: ...
Trace line 12: primes[80] = False
Trace line 13: i2 = 88
Trace line 11: while True: ...
Trace line 12: primes[88] = False
Trace line 13: i2 = 96
Trace line 11: while True: ...
Trace line 12: primes[96] = False
Trace line 13: i2 = 104
Trace line 11: while False:
Trace line 9: for #8: i1 = 9
Trace line 10: i2 = 18
Trace line 11: while True: ...
Trace line 12: primes[18] = False
Trace line 13: i2 = 27
Trace line 11: while True: ...
Trace line 12: primes[27] = False
Trace line 13: i2 = 36
Trace line 11: while True: ...
Trace line 12: primes[36] = False
Trace line 13: i2 = 45
Trace line 11: while True: ...
Trace line 12: primes[45] = False
Trace line 13: i2 = 54
Trace line 11: while True: ...
Trace line 12: primes[54] = False
Trace line 13: i2 = 63
Trace line 11: while True: ...
Trace line 12: primes[63] = False
Trace line 13: i2 = 72
Trace line 11: while True: ...
Trace line 12: primes[72] = False
Trace line 13: i2 = 81
Trace line 11: while True: ...
Trace line 12: primes[81] = False
Trace line 13: i2 = 90
Trace line 11: while True: ...
Trace line 12: primes[90] = False
Trace line 13: i2 = 99
Trace line 11: while True: ...
Trace line 12: primes[99] = False
Trace line 13: i2 = 108
Trace line 11: while False:
Trace line 9: for #9: i1 = 10
Trace line 10: i2 = 20
Trace line 11: while True: ...
Trace line 12: primes[20] = False
Trace line 13: i2 = 30
Trace line 11: while True: ...
Trace line 12: primes[30] = False
Trace line 13: i2 = 40
Trace line 11: while True: ...
Trace line 12: primes[40] = False
Trace line 13: i2 = 50
Trace line 11: while True: ...
Trace line 12: primes[50] = False
Trace line 13: i2 = 60
Trace line 11: while True: ...
Trace line 12: primes[60] = False
Trace line 13: i2 = 70
Trace line 11: while True: ...
Trace line 12: primes[70] = False
Trace line 13: i2 = 80
Trace line 11: while True: ...
Trace line 12: primes[80] = False
Trace line 13: i2 = 90
Trace line 11: while True: ...
Trace line 12: primes[90] = False
Trace line 13: i2 = 100
Trace line 11: while True: ...
Trace line 12: primes[100] = False
Trace line 13: i2 = 110
Trace line 11: while False:
Trace line 9: for #10: i1 = 11
Trace line 10: i2 = 22
Trace line 11: while True: ...
Trace line 12: primes[22] = False
Trace line 13: i2 = 33
Trace line 11: while True: ...
Trace line 12: primes[33] = False
Trace line 13: i2 = 44
Trace line 11: while True: ...
Trace line 12: primes[44] = False
Trace line 13: i2 = 55
Trace line 11: while True: ...
Trace line 12: primes[55] = False
Trace line 13: i2 = 66
Trace line 11: while True: ...
Trace line 12: primes[66] = False
Trace line 13: i2 = 77
Trace line 11: while True: ...
Trace line 12: primes[77] = False
Trace line 13: i2 = 88
Trace line 11: while True: ...
Trace line 12: primes[88] = False
Trace line 13: i2 = 99
Trace line 11: while True: ...
Trace line 12: primes[99] = False
Trace line 13: i2 = 110
Trace line 11: while False:
Trace line 9: for #11: i1 = 12
Trace line 10: i2 = 24
Trace line 11: while True: ...
Trace line 12: primes[24] = False
Trace line 13: i2 = 36
Trace line 11: while True: ...
Trace line 12: primes[36] = False
Trace line 13: i2 = 48
Trace line 11: while True: ...
Trace line 12: primes[48] = False
Trace line 13: i2 = 60
Trace line 11: while True: ...
Trace line 12: primes[60] = False
Trace line 13: i2 = 72
Trace line 11: while True: ...
Trace line 12: primes[72] = False
Trace line 13: i2 = 84
Trace line 11: while True: ...
Trace line 12: primes[84] = False
Trace line 13: i2 = 96
Trace line 11: while True: ...
Trace line 12: primes[96] = False
Trace line 13: i2 = 108
Trace line 11: while False:
Trace line 9: for #12: i1 = 13
Trace line 10: i2 = 26
Trace line 11: while True: ...
Trace line 12: primes[26] = False
Trace line 13: i2 = 39
Trace line 11: while True: ...
Trace line 12: primes[39] = False
Trace line 13: i2 = 52
Trace line 11: while True: ...
Trace line 12: primes[52] = False
Trace line 13: i2 = 65
Trace line 11: while True: ...
Trace line 12: primes[65] = False
Trace line 13: i2 = 78
Trace line 11: while True: ...
Trace line 12: primes[78] = False
Trace line 13: i2 = 91
Trace line 11: while True: ...
Trace line 12: primes[91] = False
Trace line 13: i2 = 104
Trace line 11: while False:
Trace line 9: for #13: i1 = 14
Trace line 10: i2 = 28
Trace line 11: while True: ...
Trace line 12: primes[28] = False
Trace line 13: i2 = 42
Trace line 11: while True: ...
Trace line 12: primes[42] = False
Trace line 13: i2 = 56
Trace line 11: while True: ...
Trace line 12: primes[56] = False
Trace line 13: i2 = 70
Trace line 11: while True: ...
Trace line 12: primes[70] = False
Trace line 13: i2 = 84
Trace line 11: while True: ...
Trace line 12: primes[84] = False
Trace line 13: i2 = 98
Trace line 11: while True: ...
Trace line 12: primes[98] = False
Trace line 13: i2 = 112
Trace line 11: while False:
Trace line 9: for #14: i1 = 15
Trace line 10: i2 = 30
Trace line 11: while True: ...
Trace line 12: primes[30] = False
Trace line 13: i2 = 45
Trace line 11: while True: ...
Trace line 12: primes[45] = False
Trace line 13: i2 = 60
Trace line 11: while True: ...
Trace line 12: primes[60] = False
Trace line 13: i2 = 75
Trace line 11: while True: ...
Trace line 12: primes[75] = False
Trace line 13: i2 = 90
Trace line 11: while True: ...
Trace line 12: primes[90] = False
Trace line 13: i2 = 105
Trace line 11: while False:
Trace line 9: for #15: i1 = 16
Trace line 10: i2 = 32
Trace line 11: while True: ...
Trace line 12: primes[32] = False
Trace line 13: i2 = 48
Trace line 11: while True: ...
Trace line 12: primes[48] = False
Trace line 13: i2 = 64
Trace line 11: while True: ...
Trace line 12: primes[64] = False
Trace line 13: i2 = 80
Trace line 11: while True: ...
Trace line 12: primes[80] = False
Trace line 13: i2 = 96
Trace line 11: while True: ...
Trace line 12: primes[96] = False
Trace line 13: i2 = 112
Trace line 11: while False:
Trace line 9: for #16: i1 = 17
Trace line 10: i2 = 34
Trace line 11: while True: ...
Trace line 12: primes[34] = False
Trace line 13: i2 = 51
Trace line 11: while True: ...
Trace line 12: primes[51] = False
Trace line 13: i2 = 68
Trace line 11: while True: ...
Trace line 12: primes[68] = False
Trace line 13: i2 = 85
Trace line 11: while True: ...
Trace line 12: primes[85] = False
Trace line 13: i2 = 102
Trace line 11: while False:
Trace line 9: for #17: i1 = 18
Trace line 10: i2 = 36
Trace line 11: while True: ...
Trace line 12: primes[36] = False
Trace line 13: i2 = 54
Trace line 11: while True: ...
Trace line 12: primes[54] = False
Trace line 13: i2 = 72
Trace line 11: while True: ...
Trace line 12: primes[72] = False
Trace line 13: i2 = 90
Trace line 11: while True: ...
Trace line 12: primes[90] = False
Trace line 13: i2 = 108
Trace line 11: while False:
Trace line 9: for #18: i1 = 19
Trace line 10: i2 = 38
Trace line 11: while True: ...
Trace line 12: primes[38] = False
Trace line 13: i2 = 57
Trace line 11: while True: ...
Trace line 12: primes[57] = False
Trace line 13: i2 = 76
Trace line 11: while True: ...
Trace line 12: primes[76] = False
Trace line 13: i2 = 95
Trace line 11: while True: ...
Trace line 12: primes[95] = False
Trace line 13: i2 = 114
Trace line 11: while False:
Trace line 9: for #19: i1 = 20
Trace line 10: i2 = 40
Trace line 11: while True: ...
Trace line 12: primes[40] = False
Trace line 13: i2 = 60
Trace line 11: while True: ...
Trace line 12: primes[60] = False
Trace line 13: i2 = 80
Trace line 11: while True: ...
Trace line 12: primes[80] = False
Trace line 13: i2 = 100
Trace line 11: while True: ...
Trace line 12: primes[100] = False
Trace line 13: i2 = 120
Trace line 11: while False:
Trace line 9: for #20: i1 = 21
Trace line 10: i2 = 42
Trace line 11: while True: ...
Trace line 12: primes[42] = False
Trace line 13: i2 = 63
Trace line 11: while True: ...
Trace line 12: primes[63] = False
Trace line 13: i2 = 84
Trace line 11: while True: ...
Trace line 12: primes[84] = False
Trace line 13: i2 = 105
Trace line 11: while False:
Trace line 9: for #21: i1 = 22
Trace line 10: i2 = 44
Trace line 11: while True: ...
Trace line 12: primes[44] = False
Trace line 13: i2 = 66
Trace line 11: while True: ...
Trace line 12: primes[66] = False
Trace line 13: i2 = 88
Trace line 11: while True: ...
Trace line 12: primes[88] = False
Trace line 13: i2 = 110
Trace line 11: while False:
Trace line 9: for #22: i1 = 23
Trace line 10: i2 = 46
Trace line 11: while True: ...
Trace line 12: primes[46] = False
Trace line 13: i2 = 69
Trace line 11: while True: ...
Trace line 12: primes[69] = False
Trace line 13: i2 = 92
Trace line 11: while True: ...
Trace line 12: primes[92] = False
Trace line 13: i2 = 115
Trace line 11: while False:
Trace line 9: for #23: i1 = 24
Trace line 10: i2 = 48
Trace line 11: while True: ...
Trace line 12: primes[48] = False
Trace line 13: i2 = 72
Trace line 11: while True: ...
Trace line 12: primes[72] = False
Trace line 13: i2 = 96
Trace line 11: while True: ...
Trace line 12: primes[96] = False
Trace line 13: i2 = 120
Trace line 11: while False:
Trace line 9: for #24: i1 = 25
Trace line 10: i2 = 50
Trace line 11: while True: ...
Trace line 12: primes[50] = False
Trace line 13: i2 = 75
Trace line 11: while True: ...
Trace line 12: primes[75] = False
Trace line 13: i2 = 100
Trace line 11: while True: ...
Trace line 12: primes[100] = False
Trace line 13: i2 = 125
Trace line 11: while False:
Trace line 9: for #25: i1 = 26
Trace line 10: i2 = 52
Trace line 11: while True: ...
Trace line 12: primes[52] = False
Trace line 13: i2 = 78
Trace line 11: while True: ...
Trace line 12: primes[78] = False
Trace line 13: i2 = 104
Trace line 11: while False:
Trace line 9: for #26: i1 = 27
Trace line 10: i2 = 54
Trace line 11: while True: ...
Trace line 12: primes[54] = False
Trace line 13: i2 = 81
Trace line 11: while True: ...
Trace line 12: primes[81] = False
Trace line 13: i2 = 108
Trace line 11: while False:
Trace line 9: for #27: i1 = 28
Trace line 10: i2 = 56
Trace line 11: while True: ...
Trace line 12: primes[56] = False
Trace line 13: i2 = 84
Trace line 11: while True: ...
Trace line 12: primes[84] = False
Trace line 13: i2 = 112
Trace line 11: while False:
Trace line 9: for #28: i1 = 29
Trace line 10: i2 = 58
Trace line 11: while True: ...
Trace line 12: primes[58] = False
Trace line 13: i2 = 87
Trace line 11: while True: ...
Trace line 12: primes[87] = False
Trace line 13: i2 = 116
Trace line 11: while False:
Trace line 9: for #29: i1 = 30
Trace line 10: i2 = 60
Trace line 11: while True: ...
Trace line 12: primes[60] = False
Trace line 13: i2 = 90
Trace line 11: while True: ...
Trace line 12: primes[90] = False
Trace line 13: i2 = 120
Trace line 11: while False:
Trace line 9: for #30: i1 = 31
Trace line 10: i2 = 62
Trace line 11: while True: ...
Trace line 12: primes[62] = False
Trace line 13: i2 = 93
Trace line 11: while True: ...
Trace line 12: primes[93] = False
Trace line 13: i2 = 124
Trace line 11: while False:
Trace line 9: for #31: i1 = 32
Trace line 10: i2 = 64
Trace line 11: while True: ...
Trace line 12: primes[64] = False
Trace line 13: i2 = 96
Trace line 11: while True: ...
Trace line 12: primes[96] = False
Trace line 13: i2 = 128
Trace line 11: while False:
Trace line 9: for #32: i1 = 33
Trace line 10: i2 = 66
Trace line 11: while True: ...
Trace line 12: primes[66] = False
Trace line 13: i2 = 99
Trace line 11: while True: ...
Trace line 12: primes[99] = False
Trace line 13: i2 = 132
Trace line 11: while False:
Trace line 9: for #33: i1 = 34
Trace line 10: i2 = 68
Trace line 11: while True: ...
Trace line 12: primes[68] = False
Trace line 13: i2 = 102
Trace line 11: while False:
Trace line 9: for #34: i1 = 35
Trace line 10: i2 = 70
Trace line 11: while True: ...
Trace line 12: primes[70] = False
Trace line 13: i2 = 105
Trace line 11: while False:
Trace line 9: for #35: i1 = 36
Trace line 10: i2 = 72
Trace line 11: while True: ...
Trace line 12: primes[72] = False
Trace line 13: i2 = 108
Trace line 11: while False:
Trace line 9: for #36: i1 = 37
Trace line 10: i2 = 74
Trace line 11: while True: ...
Trace line 12: primes[74] = False
Trace line 13: i2 = 111
Trace line 11: while False:
Trace line 9: for #37: i1 = 38
Trace line 10: i2 = 76
Trace line 11: while True: ...
Trace line 12: primes[76] = False
Trace line 13: i2 = 114
Trace line 11: while False:
Trace line 9: for #38: i1 = 39
Trace line 10: i2 = 78
Trace line 11: while True: ...
Trace line 12: primes[78] = False
Trace line 13: i2 = 117
Trace line 11: while False:
Trace line 9: for #39: i1 = 40
Trace line 10: i2 = 80
Trace line 11: while True: ...
Trace line 12: primes[80] = False
Trace line 13: i2 = 120
Trace line 11: while False:
Trace line 9: for #40: i1 = 41
Trace line 10: i2 = 82
Trace line 11: while True: ...
Trace line 12: primes[82] = False
Trace line 13: i2 = 123
Trace line 11: while False:
Trace line 9: for #41: i1 = 42
Trace line 10: i2 = 84
Trace line 11: while True: ...
Trace line 12: primes[84] = False
Trace line 13: i2 = 126
Trace line 11: while False:
Trace line 9: for #42: i1 = 43
Trace line 10: i2 = 86
Trace line 11: while True: ...
Trace line 12: primes[86] = False
Trace line 13: i2 = 129
Trace line 11: while False:
Trace line 9: for #43: i1 = 44
Trace line 10: i2 = 88
Trace line 11: while True: ...
Trace line 12: primes[88] = False
Trace line 13: i2 = 132
Trace line 11: while False:
Trace line 9: for #44: i1 = 45
Trace line 10: i2 = 90
Trace line 11: while True: ...
Trace line 12: primes[90] = False
Trace line 13: i2 = 135
Trace line 11: while False:
Trace line 9: for #45: i1 = 46
Trace line 10: i2 = 92
Trace line 11: while True: ...
Trace line 12: primes[92] = False
Trace line 13: i2 = 138
Trace line 11: while False:
Trace line 9: for #46: i1 = 47
Trace line 10: i2 = 94
Trace line 11: while True: ...
Trace line 12: primes[94] = False
Trace line 13: i2 = 141
Trace line 11: while False:
Trace line 9: for #47: i1 = 48
Trace line 10: i2 = 96
Trace line 11: while True: ...
Trace line 12: primes[96] = False
Trace line 13: i2 = 144
Trace line 11: while False:
Trace line 9: for #48: i1 = 49
Trace line 10: i2 = 98
Trace line 11: while True: ...
Trace line 12: primes[98] = False
Trace line 13: i2 = 147
Trace line 11: while False:
Trace line 9: for #49: i1 = 50
Trace line 10: i2 = 100
Trace line 11: while True: ...
Trace line 12: primes[100] = False
Trace line 13: i2 = 150
Trace line 11: while False:
Trace line 9: for #50: i1 = 51
Trace line 10: i2 = 102
Trace line 11: while False:
Trace line 9: for #51: i1 = 52
Trace line 10: i2 = 104
Trace line 11: while False:
Trace line 9: for #52: i1 = 53
Trace line 10: i2 = 106
Trace line 11: while False:
Trace line 9: for #53: i1 = 54
Trace line 10: i2 = 108
Trace line 11: while False:
Trace line 9: for #54: i1 = 55
Trace line 10: i2 = 110
Trace line 11: while False:
Trace line 9: for #55: i1 = 56
Trace line 10: i2 = 112
Trace line 11: while False:
Trace line 9: for #56: i1 = 57
Trace line 10: i2 = 114
Trace line 11: while False:
Trace line 9: for #57: i1 = 58
Trace line 10: i2 = 116
Trace line 11: while False:
Trace line 9: for #58: i1 = 59
Trace line 10: i2 = 118
Trace line 11: while False:
Trace line 9: for #59: i1 = 60
Trace line 10: i2 = 120
Trace line 11: while False:
Trace line 9: for #60: i1 = 61
Trace line 10: i2 = 122
Trace line 11: while False:
Trace line 9: for #61: i1 = 62
Trace line 10: i2 = 124
Trace line 11: while False:
Trace line 9: for #62: i1 = 63
Trace line 10: i2 = 126
Trace line 11: while False:
Trace line 9: for #63: i1 = 64
Trace line 10: i2 = 128
Trace line 11: while False:
Trace line 9: for #64: i1 = 65
Trace line 10: i2 = 130
Trace line 11: while False:
Trace line 9: for #65: i1 = 66
Trace line 10: i2 = 132
Trace line 11: while False:
Trace line 9: for #66: i1 = 67
Trace line 10: i2 = 134
Trace line 11: while False:
Trace line 9: for #67: i1 = 68
Trace line 10: i2 = 136
Trace line 11: while False:
Trace line 9: for #68: i1 = 69
Trace line 10: i2 = 138
Trace line 11: while False:
Trace line 9: for #69: i1 = 70
Trace line 10: i2 = 140
Trace line 11: while False:
Trace line 9: for #70: i1 = 71
Trace line 10: i2 = 142
Trace line 11: while False:
Trace line 9: for #71: i1 = 72
Trace line 10: i2 = 144
Trace line 11: while False:
Trace line 9: for #72: i1 = 73
Trace line 10: i2 = 146
Trace line 11: while False:
Trace line 9: for #73: i1 = 74
Trace line 10: i2 = 148
Trace line 11: while False:
Trace line 9: for #74: i1 = 75
Trace line 10: i2 = 150
Trace line 11: while False:
Trace line 9: for #75: i1 = 76
Trace line 10: i2 = 152
Trace line 11: while False:
Trace line 9: for #76: i1 = 77
Trace line 10: i2 = 154
Trace line 11: while False:
Trace line 9: for #77: i1 = 78
Trace line 10: i2 = 156
Trace line 11: while False:
Trace line 9: for #78: i1 = 79
Trace line 10: i2 = 158
Trace line 11: while False:
Trace line 9: for #79: i1 = 80
Trace line 10: i2 = 160
Trace line 11: while False:
Trace line 9: for #80: i1 = 81
Trace line 10: i2 = 162
Trace line 11: while False:
Trace line 9: for #81: i1 = 82
Trace line 10: i2 = 164
Trace line 11: while False:
Trace line 9: for #82: i1 = 83
Trace line 10: i2 = 166
Trace line 11: while False:
Trace line 9: for #83: i1 = 84
Trace line 10: i2 = 168
Trace line 11: while False:
Trace line 9: for #84: i1 = 85
Trace line 10: i2 = 170
Trace line 11: while False:
Trace line 9: for #85: i1 = 86
Trace line 10: i2 = 172
Trace line 11: while False:
Trace line 9: for #86: i1 = 87
Trace line 10: i2 = 174
Trace line 11: while False:
Trace line 9: for #87: i1 = 88
Trace line 10: i2 = 176
Trace line 11: while False:
Trace line 9: for #88: i1 = 89
Trace line 10: i2 = 178
Trace line 11: while False:
Trace line 9: for #89: i1 = 90
Trace line 10: i2 = 180
Trace line 11: while False:
Trace line 9: for #90: i1 = 91
Trace line 10: i2 = 182
Trace line 11: while False:
Trace line 9: for #91: i1 = 92
Trace line 10: i2 = 184
Trace line 11: while False:
Trace line 9: for #92: i1 = 93
Trace line 10: i2 = 186
Trace line 11: while False:
Trace line 9: for #93: i1 = 94
Trace line 10: i2 = 188
Trace line 11: while False:
Trace line 9: for #94: i1 = 95
Trace line 10: i2 = 190
Trace line 11: while False:
Trace line 9: for #95: i1 = 96
Trace line 10: i2 = 192
Trace line 11: while False:
Trace line 9: for #96: i1 = 97
Trace line 10: i2 = 194
Trace line 11: while False:
Trace line 9: for #97: i1 = 98
Trace line 10: i2 = 196
Trace line 11: while False:
Trace line 9: for #98: i1 = 99
Trace line 10: i2 = 198
Trace line 11: while False:
Trace line 9: for #99: i1 = 100
Trace line 10: i2 = 200
Trace line 11: while False:
Trace line 37: None
Trace line 38: Call function list_primes with params null
Trace line 26: n_printed = 0
Trace line 27: line_buf = 
Trace line 28: Call function range with params [2, 101]
Trace line 28: for #1: i = 2
Trace line 29: if True alt #1: ...
Trace line 33: Call function w4 with params [2]
Trace line 16: if True alt #1: ...
Trace line 17: Call function str with params [2]
Trace line 17: return '   2'
Trace line 33: line_buf =    2
Trace line 34: n_printed = 1
Trace line 28: for #2: i = 3
Trace line 29: if True alt #1: ...
Trace line 33: Call function w4 with params [3]
Trace line 16: if True alt #1: ...
Trace line 17: Call function str with params [3]
Trace line 17: return '   3'
Trace line 33: line_buf =    2   3
Trace line 34: n_printed = 2
Trace line 28: for #3: i = 4
Trace line 28: for #4: i = 5
Trace line 29: if True alt #1: ...
Trace line 33: Call function w4 with params [5]
Trace line 16: if True alt #1: ...
Trace line 17: Call function str with params [5]
Trace line 17: return '   5'
Trace line 33: line_buf =    2   3   5
Trace line 34: n_printed = 3
Trace line 28: for #5: i = 6
Trace line 28: for #6: i = 7
Trace line 29: if True alt #1: ...
Trace line 33: Call function w4 with params [7]
Trace line 16: if True alt #1: ...
Trace line 17: Call function str with params [7]
Trace line 17: return '   7'
Trace line 33: line_buf =    2   3   5   7
Trace line 34: n_printed = 4
Trace line 28: for #7: i = 8
Trace line 28: for #8: i = 9
Trace line 28: for #9: i = 10
Trace line 28: for #10: i = 11
Trace line 29: if True alt #1: ...
Trace line 33: Call function w4 with params [11]
Trace line 16: if True alt #2: ...
Trace line 19: Call function str with params [11]
Trace line 19: return '  11'
Trace line 33: line_buf =    2   3   5   7  11
Trace line 34: n_printed = 5
Trace line 28: for #11: i = 12
Trace line 28: for #12: i = 13
Trace line 29: if True alt #1: ...
Trace line 33: Call function w4 with params [13]
Trace line 16: if True alt #2: ...
Trace line 19: Call function str with params [13]
Trace line 19: return '  13'
Trace line 33: line_buf =    2   3   5   7  11  13
Trace line 34: n_printed = 6
Trace line 28: for #13: i = 14
Trace line 28: for #14: i = 15
Trace line 28: for #15: i = 16
Trace line 28: for #16: i = 17
Trace line 29: if True alt #1: ...
Trace line 33: Call function w4 with params [17]
Trace line 16: if True alt #2: ...
Trace line 19: Call function str with params [17]
Trace line 19: return '  17'
Trace line 33: line_buf =    2   3   5   7  11  13  17
Trace line 34: n_printed = 7
Trace line 28: for #17: i = 18
Trace line 28: for #18: i = 19
Trace line 29: if True alt #1: ...
Trace line 33: Call function w4 with params [19]
Trace line 16: if True alt #2: ...
Trace line 19: Call function str with params [19]
Trace line 19: return '  19'
Trace line 33: line_buf =    2   3   5   7  11  13  17  19
Trace line 34: n_printed = 8
Trace line 28: for #19: i = 20
Trace line 28: for #20: i = 21
Trace line 28: for #21: i = 22
Trace line 28: for #22: i = 23
Trace line 29: if True alt #1: ...
Trace line 33: Call function w4 with params [23]
Trace line 16: if True alt #2: ...
Trace line 19: Call function str with params [23]
Trace line 19: return '  23'
Trace line 33: line_buf =    2   3   5   7  11  13  17  19  23
Trace line 34: n_printed = 9
Trace line 28: for #23: i = 24
Trace line 28: for #24: i = 25
Trace line 28: for #25: i = 26
Trace line 28: for #26: i = 27
Trace line 28: for #27: i = 28
Trace line 28: for #28: i = 29
Trace line 29: if True alt #1: ...
Trace line 33: Call function w4 with params [29]
Trace line 16: if True alt #2: ...
Trace line 19: Call function str with params [29]
Trace line 19: return '  29'
Trace line 33: line_buf =    2   3   5   7  11  13  17  19  23  29
Trace line 34: n_printed = 10
Trace line 28: for #29: i = 30
Trace line 28: for #30: i = 31
Trace line 29: if True alt #1: ...
Trace line 30: if True alt #1: ...
Trace line 31: Call function print with params [   2   3   5   7  11  13  17  19  23  29]
Trace line 31: None
Trace line 32: line_buf = 
Trace line 33: Call function w4 with params [31]
Trace line 16: if True alt #2: ...
Trace line 19: Call function str with params [31]
Trace line 19: return '  31'
Trace line 33: line_buf =   31
Trace line 34: n_printed = 11
Trace line 28: for #31: i = 32
Trace line 28: for #32: i = 33
Trace line 28: for #33: i = 34
Trace line 28: for #34: i = 35
Trace line 28: for #35: i = 36
Trace line 28: for #36: i = 37
Trace line 29: if True alt #1: ...
Trace line 33: Call function w4 with params [37]
Trace line 16: if True alt #2: ...
Trace line 19: Call function str with params [37]
Trace line 19: return '  37'
Trace line 33: line_buf =   31  37
Trace line 34: n_printed = 12
Trace line 28: for #37: i = 38
Trace line 28: for #38: i = 39
Trace line 28: for #39: i = 40
Trace line 28: for #40: i = 41
Trace line 29: if True alt #1: ...
Trace line 33: Call function w4 with params [41]
Trace line 16: if True alt #2: ...
Trace line 19: Call function str with params [41]
Trace line 19: return '  41'
Trace line 33: line_buf =   31  37  41
Trace line 34: n_printed = 13
Trace line 28: for #41: i = 42
Trace line 28: for #42: i = 43
Trace line 29: if True alt #1: ...
Trace line 33: Call function w4 with params [43]
Trace line 16: if True alt #2: ...
Trace line 19: Call function str with params [43]
Trace line 19: return '  43'
Trace line 33: line_buf =   31  37  41  43
Trace line 34: n_printed = 14
Trace line 28: for #43: i = 44
Trace line 28: for #44: i = 45
Trace line 28: for #45: i = 46
Trace line 28: for #46: i = 47
Trace line 29: if True alt #1: ...
Trace line 33: Call function w4 with params [47]
Trace line 16: if True alt #2: ...
Trace line 19: Call function str with params [47]
Trace line 19: return '  47'
Trace line 33: line_buf =   31  37  41  43  47
Trace line 34: n_printed = 15
Trace line 28: for #47: i = 48
Trace line 28: for #48: i = 49
Trace line 28: for #49: i = 50
Trace line 28: for #50: i = 51
Trace line 28: for #51: i = 52
Trace line 28: for #52: i = 53
Trace line 29: if True alt #1: ...
Trace line 33: Call function w4 with params [53]
Trace line 16: if True alt #2: ...
Trace line 19: Call function str with params [53]
Trace line 19: return '  53'
Trace line 33: line_buf =   31  37  41  43  47  53
Trace line 34: n_printed = 16
Trace line 28: for #53: i = 54
Trace line 28: for #54: i = 55
Trace line 28: for #55: i = 56
Trace line 28: for #56: i = 57
Trace line 28: for #57: i = 58
Trace line 28: for #58: i = 59
Trace line 29: if True alt #1: ...
Trace line 33: Call function w4 with params [59]
Trace line 16: if True alt #2: ...
Trace line 19: Call function str with params [59]
Trace line 19: return '  59'
Trace line 33: line_buf =   31  37  41  43  47  53  59
Trace line 34: n_printed = 17
Trace line 28: for #59: i = 60
Trace line 28: for #60: i = 61
Trace line 29: if True alt #1: ...
Trace line 33: Call function w4 with params [61]
Trace line 16: if True alt #2: ...
Trace line 19: Call function str with params [61]
Trace line 19: return '  61'
Trace line 33: line_buf =   31  37  41  43  47  53  59  61
Trace line 34: n_printed = 18
Trace line 28: for #61: i = 62
Trace line 28: for #62: i = 63
Trace line 28: for #63: i = 64
Trace line 28: for #64: i = 65
Trace line 28: for #65: i = 66
Trace line 28: for #66: i = 67
Trace line 29: if True alt #1: ...
Trace line 33: Call function w4 with params [67]
Trace line 16: if True alt #2: ...
Trace line 19: Call function str with params [67]
Trace line 19: return '  67'
Trace line 33: line_buf =   31  37  41  43  47  53  59  61  67
Trace line 34: n_printed = 19
Trace line 28: for #67: i = 68
Trace line 28: for #68: i = 69
Trace line 28: for #69: i = 70
Trace line 28: for #70: i = 71
Trace line 29: if True alt #1: ...
Trace line 33: Call function w4 with params [71]
Trace line 16: if True alt #2: ...
Trace line 19: Call function str with params [71]
Trace line 19: return '  71'
Trace line 33: line_buf =   31  37  41  43  47  53  59  61  67  71
Trace line 34: n_printed = 20
Trace line 28: for #71: i = 72
Trace line 28: for #72: i = 73
Trace line 29: if True alt #1: ...
Trace line 30: if True alt #1: ...
Trace line 31: Call function print with params [  31  37  41  43  47  53  59  61  67  71]
Trace line 31: None
Trace line 32: line_buf = 
Trace line 33: Call function w4 with params [73]
Trace line 16: if True alt #2: ...
Trace line 19: Call function str with params [73]
Trace line 19: return '  73'
Trace line 33: line_buf =   73
Trace line 34: n_printed = 21
Trace line 28: for #73: i = 74
Trace line 28: for #74: i = 75
Trace line 28: for #75: i = 76
Trace line 28: for #76: i = 77
Trace line 28: for #77: i = 78
Trace line 28: for #78: i = 79
Trace line 29: if True alt #1: ...
Trace line 33: Call function w4 with params [79]
Trace line 16: if True alt #2: ...
Trace line 19: Call function str with params [79]
Trace line 19: return '  79'
Trace line 33: line_buf =   73  79
Trace line 34: n_printed = 22
Trace line 28: for #79: i = 80
Trace line 28: for #80: i = 81
Trace line 28: for #81: i = 82
Trace line 28: for #82: i = 83
Trace line 29: if True alt #1: ...
Trace line 33: Call function w4 with params [83]
Trace line 16: if True alt #2: ...
Trace line 19: Call function str with params [83]
Trace line 19: return '  83'
Trace line 33: line_buf =   73  79  83
Trace line 34: n_printed = 23
Trace line 28: for #83: i = 84
Trace line 28: for #84: i = 85
Trace line 28: for #85: i = 86
Trace line 28: for #86: i = 87
Trace line 28: for #87: i = 88
Trace line 28: for #88: i = 89
Trace line 29: if True alt #1: ...
Trace line 33: Call function w4 with params [89]
Trace line 16: if True alt #2: ...
Trace line 19: Call function str with params [89]
Trace line 19: return '  89'
Trace line 33: line_buf =   73  79  83  89
Trace line 34: n_printed = 24
Trace line 28: for #89: i = 90
Trace line 28: for #90: i = 91
Trace line 28: for #91: i = 92
Trace line 28: for #92: i = 93
Trace line 28: for #93: i = 94
Trace line 28: for #94: i = 95
Trace line 28: for #95: i = 96
Trace line 28: for #96: i = 97
Trace line 29: if True alt #1: ...
Trace line 33: Call function w4 with params [97]
Trace line 16: if True alt #2: ...
Trace line 19: Call function str with params [97]
Trace line 19: return '  97'
Trace line 33: line_buf =   73  79  83  89  97
Trace line 34: n_printed = 25
Trace line 28: for #97: i = 98
Trace line 28: for #98: i = 99
Trace line 28: for #99: i = 100
Trace line 35: Call function print with params [  73  79  83  89  97]
Trace line 35: None
Trace line 38: None
