   1: # Dette programmet inneholder ulike former for blanke linjer,
   2: # dvs tomme linjer eller linjer med blanke eller TAB-er i ulike posisjoner.
   3: # Dette skal Asp-interpreten kunne håndtere.
   4: 
   5: # Denne linjen er tom:
   6: 
   7: # Denne linjen inneholder kun noen blanke i starten:
   8: 
   9: # Denne linjen starter med en TAB:
  10: 
  11: if 1+1 = 2:
Scanner: if token on line 11
Scanner: integer literal token on line 11: 1
Scanner: + token on line 11
Scanner: integer literal token on line 11: 1
Scanner: = token on line 11
Scanner: integer literal token on line 11: 2
Scanner: : token on line 11
Scanner: NEWLINE token on line 11
  12: # Denne linjen starter med 2 TAB-er og 3 blanke:
  13: 		   print("Ja")
Asp scanner error on line 13: This is not a valid token: 	
